Writing log file to: D:\Users\fanp\Desktop\run_test\jmeter.log
Creating summariser <summary>
Created the tree successfully using D:/项目/html转pdf/test.jmx
Starting the test @ Thu Nov 10 16:35:13 CST 2016 (1478766913414)
Waiting for possible Shutdown/StopTestNow/Heapdump message on port 4445
summary +    167 in 00:00:16 =   10.1/s Avg:   730 Min:   395 Max:  5526 Err:     0 (0.00%) Active: 10 Started: 10 Finished: 0
summary +    448 in 00:00:30 =   14.9/s Avg:   690 Min:   379 Max:  5608 Err:     0 (0.00%) Active: 10 Started: 10 Finished: 0
summary =    615 in 00:00:47 =   13.2/s Avg:   701 Min:   379 Max:  5608 Err:     0 (0.00%)
summary +    495 in 00:00:30 =   16.5/s Avg:   600 Min:    37 Max:  5601 Err:     1 (0.20%) Active: 10 Started: 10 Finished: 0
summary =   1110 in 00:01:16 =   14.5/s Avg:   656 Min:    37 Max:  5608 Err:     1 (0.09%)
summary +    451 in 00:00:30 =   15.0/s Avg:   683 Min:   386 Max:  5517 Err:     0 (0.00%) Active: 10 Started: 10 Finished: 0
summary =   1561 in 00:01:47 =   14.6/s Avg:   664 Min:    37 Max:  5608 Err:     1 (0.06%)
summary +    598 in 00:00:30 =   20.0/s Avg:   494 Min:   379 Max:  5598 Err:     0 (0.00%) Active: 10 Started: 10 Finished: 0
summary =   2159 in 00:02:16 =   15.8/s Avg:   617 Min:    37 Max:  5608 Err:     1 (0.05%)
summary +    555 in 00:00:30 =   18.5/s Avg:   549 Min:    53 Max:  5466 Err:     1 (0.18%) Active: 10 Started: 10 Finished: 0
summary =   2714 in 00:02:46 =   16.3/s Avg:   603 Min:    37 Max:  5608 Err:     2 (0.07%)
summary +    573 in 00:00:30 =   19.1/s Avg:   525 Min:   375 Max:  5481 Err:     0 (0.00%) Active: 10 Started: 10 Finished: 0
summary =   3287 in 00:03:17 =   16.7/s Avg:   589 Min:    37 Max:  5608 Err:     2 (0.06%)
summary +    538 in 00:00:30 =   17.9/s Avg:   547 Min:   375 Max: 10463 Err:     0 (0.00%) Active: 10 Started: 10 Finished: 0
summary =   3825 in 00:03:46 =   16.9/s Avg:   583 Min:    37 Max: 10463 Err:     2 (0.05%)
summary +    610 in 00:00:30 =   20.3/s Avg:   497 Min:   376 Max:  5475 Err:     0 (0.00%) Active: 10 Started: 10 Finished: 0
summary =   4435 in 00:04:16 =   17.3/s Avg:   571 Min:    37 Max: 10463 Err:     2 (0.05%)
summary +    610 in 00:00:30 =   20.3/s Avg:   491 Min:   372 Max:  5420 Err:     0 (0.00%) Active: 10 Started: 10 Finished: 0
summary =   5045 in 00:04:46 =   17.6/s Avg:   562 Min:    37 Max: 10463 Err:     2 (0.04%)
summary +    514 in 00:00:30 =   17.1/s Avg:   582 Min:   373 Max:  6434 Err:     0 (0.00%) Active: 10 Started: 10 Finished: 0
summary =   5559 in 00:05:16 =   17.6/s Avg:   564 Min:    37 Max: 10463 Err:     2 (0.04%)
summary +    493 in 00:00:30 =   16.4/s Avg:   592 Min:   373 Max:  5541 Err:     0 (0.00%) Active: 10 Started: 10 Finished: 0
summary =   6052 in 00:05:46 =   17.5/s Avg:   566 Min:    37 Max: 10463 Err:     2 (0.03%)
summary +    469 in 00:00:30 =   15.6/s Avg:   654 Min:   374 Max:  6468 Err:     0 (0.00%) Active: 10 Started: 10 Finished: 0
summary =   6521 in 00:06:17 =   17.3/s Avg:   572 Min:    37 Max: 10463 Err:     2 (0.03%)
summary +    496 in 00:00:30 =   16.4/s Avg:   575 Min:    35 Max:  5532 Err:     1 (0.20%) Active: 10 Started: 10 Finished: 0
summary =   7017 in 00:06:47 =   17.3/s Avg:   572 Min:    35 Max: 10463 Err:     3 (0.04%)
summary +    522 in 00:00:30 =   17.6/s Avg:   604 Min:   378 Max:  5504 Err:     0 (0.00%) Active: 10 Started: 10 Finished: 0
summary =   7539 in 00:07:16 =   17.3/s Avg:   575 Min:    35 Max: 10463 Err:     3 (0.04%)
summary +    418 in 00:00:30 =   13.9/s Avg:   716 Min:   375 Max:  5579 Err:     0 (0.00%) Active: 10 Started: 10 Finished: 0
summary =   7957 in 00:07:47 =   17.1/s Avg:   582 Min:    35 Max: 10463 Err:     3 (0.04%)
summary +    474 in 00:00:30 =   15.8/s Avg:   614 Min:   376 Max:  5598 Err:     0 (0.00%) Active: 10 Started: 10 Finished: 0
summary =   8431 in 00:08:17 =   17.0/s Avg:   584 Min:    35 Max: 10463 Err:     3 (0.04%)
summary +    537 in 00:00:30 =   17.8/s Avg:   575 Min:   376 Max:  5570 Err:     0 (0.00%) Active: 10 Started: 10 Finished: 0
summary =   8968 in 00:08:47 =   17.0/s Avg:   583 Min:    35 Max: 10463 Err:     3 (0.03%)
summary +    507 in 00:00:30 =   16.9/s Avg:   571 Min:   374 Max:  5481 Err:     0 (0.00%) Active: 10 Started: 10 Finished: 0
summary =   9475 in 00:09:17 =   17.0/s Avg:   583 Min:    35 Max: 10463 Err:     3 (0.03%)
summary +    486 in 00:00:30 =   16.2/s Avg:   620 Min:   375 Max:  5566 Err:     0 (0.00%) Active: 10 Started: 10 Finished: 0
summary =   9961 in 00:09:47 =   17.0/s Avg:   584 Min:    35 Max: 10463 Err:     3 (0.03%)
summary +    462 in 00:00:30 =   15.4/s Avg:   657 Min:   376 Max:  5596 Err:     0 (0.00%) Active: 10 Started: 10 Finished: 0
summary =  10423 in 00:10:17 =   16.9/s Avg:   588 Min:    35 Max: 10463 Err:     3 (0.03%)
summary +    485 in 00:00:30 =   16.2/s Avg:   617 Min:   373 Max:  6453 Err:     0 (0.00%) Active: 10 Started: 10 Finished: 0
summary =  10908 in 00:10:47 =   16.9/s Avg:   589 Min:    35 Max: 10463 Err:     3 (0.03%)
summary +    512 in 00:00:30 =   17.1/s Avg:   589 Min:   377 Max:  5643 Err:     0 (0.00%) Active: 10 Started: 10 Finished: 0
summary =  11420 in 00:11:16 =   16.9/s Avg:   589 Min:    35 Max: 10463 Err:     3 (0.03%)
summary +    460 in 00:00:30 =   15.3/s Avg:   636 Min:   374 Max:  5606 Err:     0 (0.00%) Active: 10 Started: 10 Finished: 0
summary =  11880 in 00:11:47 =   16.8/s Avg:   591 Min:    35 Max: 10463 Err:     3 (0.03%)
summary +    539 in 00:00:30 =   18.0/s Avg:   558 Min:   374 Max:  5561 Err:     0 (0.00%) Active: 10 Started: 10 Finished: 0
summary =  12419 in 00:12:16 =   16.9/s Avg:   589 Min:    35 Max: 10463 Err:     3 (0.02%)
summary +    503 in 00:00:30 =   16.7/s Avg:   603 Min:   375 Max:  5629 Err:     0 (0.00%) Active: 10 Started: 10 Finished: 0
summary =  12922 in 00:12:47 =   16.9/s Avg:   590 Min:    35 Max: 10463 Err:     3 (0.02%)
summary +    617 in 00:00:30 =   20.6/s Avg:   494 Min:   376 Max:  5486 Err:     0 (0.00%) Active: 10 Started: 10 Finished: 0
summary =  13539 in 00:13:17 =   17.0/s Avg:   586 Min:    35 Max: 10463 Err:     3 (0.02%)
summary +    509 in 00:00:30 =   17.0/s Avg:   562 Min:    40 Max:  5642 Err:     1 (0.20%) Active: 10 Started: 10 Finished: 0
summary =  14048 in 00:13:47 =   17.0/s Avg:   585 Min:    35 Max: 10463 Err:     4 (0.03%)
summary +    461 in 00:00:30 =   15.4/s Avg:   675 Min:    63 Max:  6498 Err:     1 (0.22%) Active: 10 Started: 10 Finished: 0
summary =  14509 in 00:14:17 =   16.9/s Avg:   588 Min:    35 Max: 10463 Err:     5 (0.03%)
summary +    553 in 00:00:30 =   18.5/s Avg:   543 Min:    55 Max:  5528 Err:     2 (0.36%) Active: 10 Started: 10 Finished: 0
summary =  15062 in 00:14:46 =   17.0/s Avg:   586 Min:    35 Max: 10463 Err:     7 (0.05%)
summary +    516 in 00:00:30 =   17.2/s Avg:   536 Min:   373 Max:  5874 Err:     0 (0.00%) Active: 10 Started: 10 Finished: 0
summary =  15578 in 00:15:17 =   17.0/s Avg:   584 Min:    35 Max: 10463 Err:     7 (0.04%)
summary +    598 in 00:00:30 =   20.0/s Avg:   540 Min:   375 Max:  6383 Err:     0 (0.00%) Active: 10 Started: 10 Finished: 0
summary =  16176 in 00:15:46 =   17.1/s Avg:   583 Min:    35 Max: 10463 Err:     7 (0.04%)
summary +    470 in 00:00:30 =   15.7/s Avg:   636 Min:   376 Max:  5477 Err:     0 (0.00%) Active: 10 Started: 10 Finished: 0
summary =  16646 in 00:16:17 =   17.0/s Avg:   584 Min:    35 Max: 10463 Err:     7 (0.04%)
summary +    608 in 00:00:30 =   20.3/s Avg:   492 Min:   376 Max:  1444 Err:     0 (0.00%) Active: 10 Started: 10 Finished: 0
summary =  17254 in 00:16:47 =   17.1/s Avg:   581 Min:    35 Max: 10463 Err:     7 (0.04%)
summary +    534 in 00:00:30 =   17.7/s Avg:   553 Min:   376 Max: 10475 Err:     0 (0.00%) Active: 10 Started: 10 Finished: 0
summary =  17788 in 00:17:17 =   17.2/s Avg:   580 Min:    35 Max: 10475 Err:     7 (0.04%)
summary +    517 in 00:00:30 =   17.3/s Avg:   590 Min:   373 Max: 10527 Err:     0 (0.00%) Active: 10 Started: 10 Finished: 0
summary =  18305 in 00:17:47 =   17.2/s Avg:   580 Min:    35 Max: 10527 Err:     7 (0.04%)
summary +    450 in 00:00:30 =   15.0/s Avg:   664 Min:   380 Max:  5669 Err:     0 (0.00%) Active: 10 Started: 10 Finished: 0
summary =  18755 in 00:18:16 =   17.1/s Avg:   582 Min:    35 Max: 10527 Err:     7 (0.04%)
summary +    562 in 00:00:30 =   18.7/s Avg:   529 Min:   376 Max:  5527 Err:     0 (0.00%) Active: 10 Started: 10 Finished: 0
summary =  19317 in 00:18:46 =   17.1/s Avg:   581 Min:    35 Max: 10527 Err:     7 (0.04%)
summary +    581 in 00:00:30 =   19.4/s Avg:   518 Min:   123 Max:  5522 Err:     1 (0.17%) Active: 10 Started: 10 Finished: 0
summary =  19898 in 00:19:16 =   17.2/s Avg:   579 Min:    35 Max: 10527 Err:     8 (0.04%)
summary +    587 in 00:00:30 =   19.6/s Avg:   510 Min:   378 Max:  5420 Err:     0 (0.00%) Active: 10 Started: 10 Finished: 0
summary =  20485 in 00:19:47 =   17.3/s Avg:   577 Min:    35 Max: 10527 Err:     8 (0.04%)
summary +    256 in 00:00:14 =   18.0/s Avg:   553 Min:   383 Max:  1606 Err:     0 (0.00%) Active: 0 Started: 10 Finished: 10
summary =  20741 in 00:20:01 =   17.3/s Avg:   577 Min:    35 Max: 10527 Err:     8 (0.04%)
Tidying up ...    @ Thu Nov 10 16:55:14 CST 2016 (1478768114286)
The JVM should have exitted but did not.
The following non-daemon threads are still running (DestroyJavaVM is OK):
Thread[DestroyJavaVM,5,main], stackTrace:
Thread[StandardJMeterEngine,5,main], stackTrace:sun.nio.fs.WindowsNativeDispatcher#CopyFileEx0
sun.nio.fs.WindowsNativeDispatcher#CopyFileEx at line:304
sun.nio.fs.WindowsFileCopy#copy at line:203
sun.nio.fs.WindowsFileSystemProvider#copy at line:278
java.nio.file.Files#copy at line:1274
org.apache.jmeter.report.dashboard.TemplateVisitor#visitFile at line:126
org.apache.jmeter.report.dashboard.TemplateVisitor#visitFile at line:48
java.nio.file.Files#walkFileTree at line:2670
java.nio.file.Files#walkFileTree at line:2742
org.apache.jmeter.report.dashboard.HtmlTemplateExporter#export at line:487
org.apache.jmeter.report.dashboard.ReportGenerator#exportData at line:348
org.apache.jmeter.report.dashboard.ReportGenerator#generate at line:256
org.apache.jmeter.JMeter$ListenToTest#generateReport at line:1144
org.apache.jmeter.JMeter$ListenToTest#testEnded at line:1089
org.apache.jmeter.engine.StandardJMeterEngine#notifyTestListenersOfEnd at line:215
org.apache.jmeter.engine.StandardJMeterEngine#run at line:436
java.lang.Thread#run at line:745

... end of run
测试开始,当前时间： 1478766912.52
Event(time=1478766912.522, priority=0, action=<function run_jmeter at 0x02563F70>, argument=('D:/\xcf\xee\xc4\xbf/html\xd7\xaapdf/test.jmx', 'convert_10u_16-35-12', './', '10'))
Writing log file to: D:\Users\fanp\Desktop\run_test\jmeter.log
Creating summariser <summary>
Created the tree successfully using D:/项目/html转pdf/test.jmx
Starting the test @ Thu Nov 10 18:00:35 CST 2016 (1478772035347)
Waiting for possible Shutdown/StopTestNow/Heapdump message on port 4445
summary +    792 in 00:00:25 =   32.2/s Avg:   548 Min:   391 Max:  5744 Err:     0 (0.00%) Active: 20 Started: 20 Finished: 0
summary +    997 in 00:00:30 =   33.2/s Avg:   602 Min:    52 Max:  5645 Err:     1 (0.10%) Active: 20 Started: 20 Finished: 0
summary =   1789 in 00:00:55 =   32.8/s Avg:   578 Min:    52 Max:  5744 Err:     1 (0.06%)
summary +   1063 in 00:00:30 =   35.5/s Avg:   554 Min:   379 Max:  5591 Err:     0 (0.00%) Active: 20 Started: 20 Finished: 0
summary =   2852 in 00:01:25 =   33.7/s Avg:   569 Min:    52 Max:  5744 Err:     1 (0.04%)
summary +   1123 in 00:00:30 =   37.4/s Avg:   541 Min:   377 Max:  6609 Err:     0 (0.00%) Active: 20 Started: 20 Finished: 0
summary =   3975 in 00:01:55 =   34.7/s Avg:   561 Min:    52 Max:  6609 Err:     1 (0.03%)
summary +    993 in 00:00:30 =   33.1/s Avg:   606 Min:   376 Max:  6471 Err:     0 (0.00%) Active: 20 Started: 20 Finished: 0
summary =   4968 in 00:02:25 =   34.4/s Avg:   570 Min:    52 Max:  6609 Err:     1 (0.02%)
summary +   1113 in 00:00:30 =   37.1/s Avg:   507 Min:   377 Max:  5502 Err:     0 (0.00%) Active: 20 Started: 20 Finished: 0
summary =   6081 in 00:02:55 =   34.8/s Avg:   559 Min:    52 Max:  6609 Err:     1 (0.02%)
summary +    957 in 00:00:30 =   31.9/s Avg:   659 Min:    35 Max:  5667 Err:     1 (0.10%) Active: 20 Started: 20 Finished: 0
summary =   7038 in 00:03:25 =   34.4/s Avg:   572 Min:    35 Max:  6609 Err:     2 (0.03%)
summary +   1025 in 00:00:30 =   34.2/s Avg:   582 Min:   376 Max:  5752 Err:     0 (0.00%) Active: 20 Started: 20 Finished: 0
summary =   8063 in 00:03:55 =   34.4/s Avg:   573 Min:    35 Max:  6609 Err:     2 (0.02%)
summary +   1023 in 00:00:30 =   34.1/s Avg:   591 Min:   373 Max:  5732 Err:     0 (0.00%) Active: 20 Started: 20 Finished: 0
summary =   9086 in 00:04:25 =   34.3/s Avg:   575 Min:    35 Max:  6609 Err:     2 (0.02%)
summary +   1117 in 00:00:30 =   37.2/s Avg:   537 Min:   379 Max:  5514 Err:     0 (0.00%) Active: 20 Started: 20 Finished: 0
summary =  10203 in 00:04:55 =   34.6/s Avg:   571 Min:    35 Max:  6609 Err:     2 (0.02%)
summary +   1048 in 00:00:30 =   35.0/s Avg:   556 Min:    43 Max:  5594 Err:     1 (0.10%) Active: 20 Started: 20 Finished: 0
summary =  11251 in 00:05:25 =   34.7/s Avg:   570 Min:    35 Max:  6609 Err:     3 (0.03%)
summary +    897 in 00:00:30 =   29.9/s Avg:   685 Min:   376 Max:  5633 Err:     0 (0.00%) Active: 20 Started: 20 Finished: 0
summary =  12148 in 00:05:55 =   34.3/s Avg:   578 Min:    35 Max:  6609 Err:     3 (0.02%)
summary +    969 in 00:00:30 =   32.3/s Avg:   613 Min:    43 Max:  6426 Err:     1 (0.10%) Active: 20 Started: 20 Finished: 0
summary =  13117 in 00:06:25 =   34.1/s Avg:   581 Min:    35 Max:  6609 Err:     4 (0.03%)
summary +    981 in 00:00:30 =   32.7/s Avg:   584 Min:   373 Max:  6581 Err:     0 (0.00%) Active: 20 Started: 20 Finished: 0
summary =  14098 in 00:06:55 =   34.0/s Avg:   581 Min:    35 Max:  6609 Err:     4 (0.03%)
summary +    884 in 00:00:30 =   29.5/s Avg:   703 Min:   377 Max:  5563 Err:     0 (0.00%) Active: 20 Started: 20 Finished: 0
summary =  14982 in 00:07:25 =   33.7/s Avg:   588 Min:    35 Max:  6609 Err:     4 (0.03%)
summary +    802 in 00:00:30 =   26.7/s Avg:   742 Min:   374 Max:  5650 Err:     0 (0.00%) Active: 20 Started: 20 Finished: 0
summary =  15784 in 00:07:55 =   33.3/s Avg:   596 Min:    35 Max:  6609 Err:     4 (0.03%)
summary +    979 in 00:00:30 =   32.6/s Avg:   606 Min:   372 Max:  5914 Err:     0 (0.00%) Active: 20 Started: 20 Finished: 0
summary =  16763 in 00:08:25 =   33.2/s Avg:   597 Min:    35 Max:  6609 Err:     4 (0.02%)
summary +    829 in 00:00:30 =   27.6/s Avg:   710 Min:   374 Max:  6709 Err:     0 (0.00%) Active: 20 Started: 20 Finished: 0
summary =  17592 in 00:08:55 =   32.9/s Avg:   602 Min:    35 Max:  6709 Err:     4 (0.02%)
summary +   1099 in 00:00:30 =   36.7/s Avg:   572 Min:   373 Max:  5624 Err:     0 (0.00%) Active: 20 Started: 20 Finished: 0
summary =  18691 in 00:09:25 =   33.1/s Avg:   600 Min:    35 Max:  6709 Err:     4 (0.02%)
summary +   1041 in 00:00:30 =   34.7/s Avg:   572 Min:    44 Max:  6533 Err:     1 (0.10%) Active: 20 Started: 20 Finished: 0
summary =  19732 in 00:09:55 =   33.2/s Avg:   599 Min:    35 Max:  6709 Err:     5 (0.03%)
summary +    841 in 00:00:30 =   28.1/s Avg:   717 Min:   374 Max:  6490 Err:     0 (0.00%) Active: 20 Started: 20 Finished: 0
summary =  20573 in 00:10:25 =   32.9/s Avg:   604 Min:    35 Max:  6709 Err:     5 (0.02%)
summary +   1010 in 00:00:30 =   33.7/s Avg:   592 Min:   372 Max:  5771 Err:     0 (0.00%) Active: 20 Started: 20 Finished: 0
summary =  21583 in 00:10:55 =   33.0/s Avg:   603 Min:    35 Max:  6709 Err:     5 (0.02%)
summary +   1212 in 00:00:30 =   40.4/s Avg:   495 Min:    72 Max:  3558 Err:     1 (0.08%) Active: 20 Started: 20 Finished: 0
summary =  22795 in 00:11:25 =   33.3/s Avg:   597 Min:    35 Max:  6709 Err:     6 (0.03%)
summary +   1179 in 00:00:30 =   39.3/s Avg:   509 Min:   374 Max:  5523 Err:     0 (0.00%) Active: 20 Started: 20 Finished: 0
summary =  23974 in 00:11:55 =   33.6/s Avg:   593 Min:    35 Max:  6709 Err:     6 (0.03%)
summary +    994 in 00:00:30 =   33.2/s Avg:   590 Min:   372 Max:  5531 Err:     0 (0.00%) Active: 20 Started: 20 Finished: 0
summary =  24968 in 00:12:25 =   33.5/s Avg:   593 Min:    35 Max:  6709 Err:     6 (0.02%)
summary +   1035 in 00:00:30 =   34.5/s Avg:   572 Min:   375 Max: 10465 Err:     0 (0.00%) Active: 20 Started: 20 Finished: 0
summary =  26003 in 00:12:55 =   33.6/s Avg:   592 Min:    35 Max: 10465 Err:     6 (0.02%)
summary +   1022 in 00:00:30 =   33.9/s Avg:   603 Min:   374 Max:  6488 Err:     0 (0.00%) Active: 20 Started: 20 Finished: 0
summary =  27025 in 00:13:25 =   33.6/s Avg:   592 Min:    35 Max: 10465 Err:     6 (0.02%)
summary +   1050 in 00:00:30 =   35.2/s Avg:   572 Min:   377 Max:  5541 Err:     0 (0.00%) Active: 20 Started: 20 Finished: 0
summary =  28075 in 00:13:55 =   33.6/s Avg:   592 Min:    35 Max: 10465 Err:     6 (0.02%)
summary +   1115 in 00:00:30 =   37.2/s Avg:   528 Min:   372 Max:  5505 Err:     0 (0.00%) Active: 20 Started: 20 Finished: 0
summary =  29190 in 00:14:25 =   33.8/s Avg:   589 Min:    35 Max: 10465 Err:     6 (0.02%)
summary +   1114 in 00:00:30 =   37.1/s Avg:   548 Min:    41 Max:  5536 Err:     1 (0.09%) Active: 20 Started: 20 Finished: 0
summary =  30304 in 00:14:55 =   33.9/s Avg:   588 Min:    35 Max: 10465 Err:     7 (0.02%)
summary +   1129 in 00:00:30 =   37.6/s Avg:   500 Min:   376 Max:  1648 Err:     0 (0.00%) Active: 20 Started: 20 Finished: 0
summary =  31433 in 00:15:25 =   34.0/s Avg:   585 Min:    35 Max: 10465 Err:     7 (0.02%)
summary +    945 in 00:00:30 =   31.5/s Avg:   671 Min:   373 Max:  5789 Err:     0 (0.00%) Active: 20 Started: 20 Finished: 0
summary =  32378 in 00:15:55 =   33.9/s Avg:   587 Min:    35 Max: 10465 Err:     7 (0.02%)
summary +   1269 in 00:00:30 =   42.3/s Avg:   472 Min:   377 Max:  1570 Err:     0 (0.00%) Active: 20 Started: 20 Finished: 0
summary =  33647 in 00:16:25 =   34.2/s Avg:   583 Min:    35 Max: 10465 Err:     7 (0.02%)
summary +   1193 in 00:00:30 =   39.8/s Avg:   488 Min:   376 Max:  5560 Err:     0 (0.00%) Active: 20 Started: 20 Finished: 0
summary =  34840 in 00:16:55 =   34.3/s Avg:   579 Min:    35 Max: 10465 Err:     7 (0.02%)
summary +   1262 in 00:00:30 =   42.1/s Avg:   488 Min:   372 Max:  5640 Err:     0 (0.00%) Active: 20 Started: 20 Finished: 0
summary =  36102 in 00:17:25 =   34.6/s Avg:   576 Min:    35 Max: 10465 Err:     7 (0.02%)
summary +   1186 in 00:00:30 =   39.5/s Avg:   504 Min:   375 Max:  5525 Err:     0 (0.00%) Active: 20 Started: 20 Finished: 0
summary =  37288 in 00:17:55 =   34.7/s Avg:   574 Min:    35 Max: 10465 Err:     7 (0.02%)
summary +   1261 in 00:00:30 =   42.0/s Avg:   476 Min:   375 Max:  5448 Err:     0 (0.00%) Active: 20 Started: 20 Finished: 0
summary =  38549 in 00:18:25 =   34.9/s Avg:   571 Min:    35 Max: 10465 Err:     7 (0.02%)
summary +   1207 in 00:00:30 =   40.2/s Avg:   480 Min:   376 Max:  5479 Err:     0 (0.00%) Active: 20 Started: 20 Finished: 0
summary =  39756 in 00:18:55 =   35.0/s Avg:   568 Min:    35 Max: 10465 Err:     7 (0.02%)
summary +   1106 in 00:00:30 =   36.9/s Avg:   560 Min:   377 Max:  5587 Err:     0 (0.00%) Active: 20 Started: 20 Finished: 0
summary =  40862 in 00:19:25 =   35.1/s Avg:   568 Min:    35 Max: 10465 Err:     7 (0.02%)
summary +   1102 in 00:00:30 =   36.7/s Avg:   543 Min:   375 Max:  5574 Err:     0 (0.00%) Active: 20 Started: 20 Finished: 0
summary =  41964 in 00:19:55 =   35.1/s Avg:   567 Min:    35 Max: 10465 Err:     7 (0.02%)
summary +    257 in 00:00:06 =   43.2/s Avg:   466 Min:   373 Max:   746 Err:     0 (0.00%) Active: 0 Started: 20 Finished: 20
summary =  42221 in 00:20:01 =   35.2/s Avg:   567 Min:    35 Max: 10465 Err:     7 (0.02%)
Tidying up ...    @ Thu Nov 10 18:20:35 CST 2016 (1478773235961)
The JVM should have exitted but did not.
The following non-daemon threads are still running (DestroyJavaVM is OK):
Thread[DestroyJavaVM,5,main], stackTrace:
Thread[StandardJMeterEngine,5,main], stackTrace:sun.nio.fs.WindowsNativeDispatcher#CreateFile0
sun.nio.fs.WindowsNativeDispatcher#CreateFile at line:71
sun.nio.fs.WindowsPath#openForReadAttributeAccess at line:781
sun.nio.fs.WindowsFileCopy#copy at line:97
sun.nio.fs.WindowsFileSystemProvider#copy at line:278
java.nio.file.Files#copy at line:1274
org.apache.jmeter.report.dashboard.TemplateVisitor#visitFile at line:126
org.apache.jmeter.report.dashboard.TemplateVisitor#visitFile at line:48
java.nio.file.Files#walkFileTree at line:2670
java.nio.file.Files#walkFileTree at line:2742
org.apache.jmeter.report.dashboard.HtmlTemplateExporter#export at line:487
org.apache.jmeter.report.dashboard.ReportGenerator#exportData at line:348
org.apache.jmeter.report.dashboard.ReportGenerator#generate at line:256
org.apache.jmeter.JMeter$ListenToTest#generateReport at line:1144
org.apache.jmeter.JMeter$ListenToTest#testEnded at line:1089
org.apache.jmeter.engine.StandardJMeterEngine#notifyTestListenersOfEnd at line:215
org.apache.jmeter.engine.StandardJMeterEngine#run at line:436
java.lang.Thread#run at line:745

... end of run
测试开始,当前时间： 1478772034.43
Event(time=1478772034.43, priority=0, action=<function run_jmeter at 0x026D3F70>, argument=('D:/\xcf\xee\xc4\xbf/html\xd7\xaapdf/test.jmx', 'convert_20u_18-00-34', './', '20'))
Writing log file to: D:\Users\fanp\Desktop\run_test\jmeter.log
Creating summariser <summary>
Created the tree successfully using D:/项目/html转pdf/test.jmx
Starting the test @ Thu Nov 10 18:23:36 CST 2016 (1478773416036)
Waiting for possible Shutdown/StopTestNow/Heapdump message on port 4445
summary +   1074 in 00:00:24 =   45.0/s Avg:   491 Min:   374 Max:  1513 Err:     0 (0.00%) Active: 25 Started: 25 Finished: 0
summary +   1345 in 00:00:30 =   44.8/s Avg:   557 Min:   375 Max:  5594 Err:     0 (0.00%) Active: 25 Started: 25 Finished: 0
summary =   2419 in 00:00:54 =   44.9/s Avg:   528 Min:   374 Max:  5594 Err:     0 (0.00%)
summary +   1393 in 00:00:30 =   46.4/s Avg:   538 Min:   377 Max:  5568 Err:     0 (0.00%) Active: 25 Started: 25 Finished: 0
summary =   3812 in 00:01:24 =   45.4/s Avg:   531 Min:   374 Max:  5594 Err:     0 (0.00%)
summary +   1238 in 00:00:30 =   41.3/s Avg:   560 Min:   375 Max:  5682 Err:     0 (0.00%) Active: 25 Started: 25 Finished: 0
summary =   5050 in 00:01:54 =   44.3/s Avg:   538 Min:   374 Max:  5682 Err:     0 (0.00%)
summary +   1413 in 00:00:30 =   47.1/s Avg:   570 Min:   377 Max:  5605 Err:     0 (0.00%) Active: 25 Started: 25 Finished: 0
summary =   6463 in 00:02:24 =   44.9/s Avg:   545 Min:   374 Max:  5682 Err:     0 (0.00%)
summary +   1174 in 00:00:30 =   38.9/s Avg:   587 Min:    64 Max:  5552 Err:     1 (0.09%) Active: 25 Started: 25 Finished: 0
summary =   7637 in 00:02:54 =   43.9/s Avg:   552 Min:    64 Max:  5682 Err:     1 (0.01%)
summary +   1279 in 00:00:30 =   42.6/s Avg:   596 Min:    78 Max:  5622 Err:     1 (0.08%) Active: 25 Started: 25 Finished: 0
summary =   8916 in 00:03:24 =   43.7/s Avg:   558 Min:    64 Max:  5682 Err:     2 (0.02%)
summary +   1296 in 00:00:30 =   43.4/s Avg:   614 Min:   374 Max:  6476 Err:     0 (0.00%) Active: 25 Started: 25 Finished: 0
summary =  10212 in 00:03:54 =   43.7/s Avg:   565 Min:    64 Max:  6476 Err:     2 (0.02%)
summary +   1236 in 00:00:30 =   41.2/s Avg:   586 Min:   376 Max:  5628 Err:     0 (0.00%) Active: 25 Started: 25 Finished: 0
summary =  11448 in 00:04:24 =   43.4/s Avg:   567 Min:    64 Max:  6476 Err:     2 (0.02%)
summary +   1289 in 00:00:30 =   43.0/s Avg:   600 Min:   376 Max: 11507 Err:     0 (0.00%) Active: 25 Started: 25 Finished: 0
summary =  12737 in 00:04:54 =   43.3/s Avg:   571 Min:    64 Max: 11507 Err:     2 (0.02%)
summary +   1407 in 00:00:30 =   46.9/s Avg:   532 Min:   377 Max:  5689 Err:     0 (0.00%) Active: 25 Started: 25 Finished: 0
summary =  14144 in 00:05:24 =   43.7/s Avg:   567 Min:    64 Max: 11507 Err:     2 (0.01%)
summary +   1444 in 00:00:30 =   48.1/s Avg:   518 Min:   375 Max: 20997 Err:     1 (0.07%) Active: 25 Started: 25 Finished: 0
summary =  15588 in 00:05:54 =   44.0/s Avg:   562 Min:    64 Max: 20997 Err:     3 (0.02%)
summary +   1213 in 00:00:30 =   40.4/s Avg:   609 Min:   377 Max:  5758 Err:     0 (0.00%) Active: 25 Started: 25 Finished: 0
summary =  16801 in 00:06:24 =   43.8/s Avg:   566 Min:    64 Max: 20997 Err:     3 (0.02%)
summary +   1403 in 00:00:30 =   46.8/s Avg:   541 Min:   376 Max:  5608 Err:     0 (0.00%) Active: 25 Started: 25 Finished: 0
summary =  18204 in 00:06:54 =   44.0/s Avg:   564 Min:    64 Max: 20997 Err:     3 (0.02%)
summary +   1525 in 00:00:30 =   50.8/s Avg:   490 Min:    56 Max:  3482 Err:     1 (0.07%) Active: 25 Started: 25 Finished: 0
summary =  19729 in 00:07:24 =   44.4/s Avg:   558 Min:    56 Max: 20997 Err:     4 (0.02%)
summary +   1363 in 00:00:30 =   45.4/s Avg:   552 Min:   375 Max:  5745 Err:     0 (0.00%) Active: 25 Started: 25 Finished: 0
summary =  21092 in 00:07:54 =   44.5/s Avg:   558 Min:    56 Max: 20997 Err:     4 (0.02%)
summary +   1320 in 00:00:30 =   44.0/s Avg:   567 Min:   374 Max:  5784 Err:     0 (0.00%) Active: 25 Started: 25 Finished: 0
summary =  22412 in 00:08:24 =   44.5/s Avg:   558 Min:    56 Max: 20997 Err:     4 (0.02%)
summary +   1387 in 00:00:30 =   46.2/s Avg:   532 Min:   374 Max:  5589 Err:     0 (0.00%) Active: 25 Started: 25 Finished: 0
summary =  23799 in 00:08:54 =   44.6/s Avg:   557 Min:    56 Max: 20997 Err:     4 (0.02%)
summary +   1405 in 00:00:30 =   46.8/s Avg:   541 Min:    59 Max:  5515 Err:     2 (0.14%) Active: 25 Started: 25 Finished: 0
summary =  25204 in 00:09:24 =   44.7/s Avg:   556 Min:    56 Max: 20997 Err:     6 (0.02%)
summary +   1253 in 00:00:30 =   41.8/s Avg:   596 Min:   378 Max:  5602 Err:     0 (0.00%) Active: 25 Started: 25 Finished: 0
summary =  26457 in 00:09:54 =   44.6/s Avg:   558 Min:    56 Max: 20997 Err:     6 (0.02%)
summary +   1349 in 00:00:30 =   44.9/s Avg:   556 Min:    39 Max:  5892 Err:     1 (0.07%) Active: 25 Started: 25 Finished: 0
summary =  27806 in 00:10:24 =   44.6/s Avg:   558 Min:    39 Max: 20997 Err:     7 (0.03%)
summary +   1416 in 00:00:30 =   47.2/s Avg:   528 Min:    34 Max:  5558 Err:     1 (0.07%) Active: 25 Started: 25 Finished: 0
summary =  29222 in 00:10:54 =   44.7/s Avg:   556 Min:    34 Max: 20997 Err:     8 (0.03%)
summary +   1389 in 00:00:30 =   46.3/s Avg:   517 Min:   373 Max:  5636 Err:     0 (0.00%) Active: 25 Started: 25 Finished: 0
summary =  30611 in 00:11:24 =   44.8/s Avg:   554 Min:    34 Max: 20997 Err:     8 (0.03%)
summary +   1171 in 00:00:30 =   39.0/s Avg:   667 Min:   382 Max:  6617 Err:     0 (0.00%) Active: 25 Started: 25 Finished: 0
summary =  31782 in 00:11:54 =   44.5/s Avg:   559 Min:    34 Max: 20997 Err:     8 (0.03%)
summary +   1423 in 00:00:30 =   47.4/s Avg:   523 Min:   371 Max:  5841 Err:     0 (0.00%) Active: 25 Started: 25 Finished: 0
summary =  33205 in 00:12:24 =   44.6/s Avg:   557 Min:    34 Max: 20997 Err:     8 (0.02%)
summary +   1406 in 00:00:30 =   46.9/s Avg:   534 Min:   374 Max:  5567 Err:     0 (0.00%) Active: 25 Started: 25 Finished: 0
summary =  34611 in 00:12:54 =   44.7/s Avg:   556 Min:    34 Max: 20997 Err:     8 (0.02%)
summary +   1562 in 00:00:30 =   52.1/s Avg:   479 Min:   372 Max:  3553 Err:     0 (0.00%) Active: 25 Started: 25 Finished: 0
summary =  36173 in 00:13:24 =   45.0/s Avg:   553 Min:    34 Max: 20997 Err:     8 (0.02%)
summary +   1376 in 00:00:30 =   45.9/s Avg:   546 Min:    30 Max:  6493 Err:     1 (0.07%) Active: 25 Started: 25 Finished: 0
summary =  37549 in 00:13:54 =   45.0/s Avg:   553 Min:    30 Max: 20997 Err:     9 (0.02%)
summary +   1298 in 00:00:30 =   43.3/s Avg:   560 Min:   375 Max:  5529 Err:     0 (0.00%) Active: 25 Started: 25 Finished: 0
summary =  38847 in 00:14:24 =   45.0/s Avg:   553 Min:    30 Max: 20997 Err:     9 (0.02%)
summary +   1330 in 00:00:30 =   44.2/s Avg:   566 Min:   371 Max:  5847 Err:     0 (0.00%) Active: 25 Started: 25 Finished: 0
summary =  40177 in 00:14:54 =   44.9/s Avg:   553 Min:    30 Max: 20997 Err:     9 (0.02%)
summary +   1336 in 00:00:30 =   44.6/s Avg:   572 Min:   373 Max:  5666 Err:     0 (0.00%) Active: 25 Started: 25 Finished: 0
summary =  41513 in 00:15:24 =   44.9/s Avg:   554 Min:    30 Max: 20997 Err:     9 (0.02%)
summary +   1163 in 00:00:30 =   38.8/s Avg:   641 Min:    44 Max:  5580 Err:     2 (0.17%) Active: 25 Started: 25 Finished: 0
summary =  42676 in 00:15:54 =   44.7/s Avg:   556 Min:    30 Max: 20997 Err:    11 (0.03%)
summary +   1313 in 00:00:30 =   43.8/s Avg:   574 Min:    31 Max:  5565 Err:     1 (0.08%) Active: 25 Started: 25 Finished: 0
summary =  43989 in 00:16:24 =   44.7/s Avg:   557 Min:    30 Max: 20997 Err:    12 (0.03%)
summary +   1025 in 00:00:30 =   34.2/s Avg:   730 Min:   371 Max:  6456 Err:     0 (0.00%) Active: 25 Started: 25 Finished: 0
summary =  45014 in 00:16:54 =   44.4/s Avg:   561 Min:    30 Max: 20997 Err:    12 (0.03%)
summary +   1348 in 00:00:30 =   44.9/s Avg:   556 Min:    62 Max:  5858 Err:     1 (0.07%) Active: 25 Started: 25 Finished: 0
summary =  46362 in 00:17:24 =   44.4/s Avg:   561 Min:    30 Max: 20997 Err:    13 (0.03%)
summary +   1288 in 00:00:30 =   42.9/s Avg:   582 Min:    71 Max:  5628 Err:     1 (0.08%) Active: 25 Started: 25 Finished: 0
summary =  47650 in 00:17:54 =   44.4/s Avg:   561 Min:    30 Max: 20997 Err:    14 (0.03%)
summary +   1054 in 00:00:30 =   35.1/s Avg:   678 Min:   372 Max:  5584 Err:     0 (0.00%) Active: 25 Started: 25 Finished: 0
summary =  48704 in 00:18:24 =   44.1/s Avg:   564 Min:    30 Max: 20997 Err:    14 (0.03%)
summary +   1170 in 00:00:30 =   39.0/s Avg:   643 Min:   370 Max:  5645 Err:     0 (0.00%) Active: 25 Started: 25 Finished: 0
summary =  49874 in 00:18:54 =   44.0/s Avg:   566 Min:    30 Max: 20997 Err:    14 (0.03%)
summary +   1120 in 00:00:30 =   37.3/s Avg:   691 Min:   372 Max:  5797 Err:     0 (0.00%) Active: 25 Started: 25 Finished: 0
summary =  50994 in 00:19:24 =   43.8/s Avg:   568 Min:    30 Max: 20997 Err:    14 (0.03%)
summary +   1290 in 00:00:30 =   43.0/s Avg:   575 Min:   371 Max:  5784 Err:     0 (0.00%) Active: 25 Started: 25 Finished: 0
summary =  52284 in 00:19:54 =   43.8/s Avg:   568 Min:    30 Max: 20997 Err:    14 (0.03%)
summary +    276 in 00:00:11 =   26.3/s Avg:   724 Min:    62 Max:  5572 Err:     1 (0.36%) Active: 0 Started: 25 Finished: 25
summary =  52560 in 00:20:04 =   43.6/s Avg:   569 Min:    30 Max: 20997 Err:    15 (0.03%)
Tidying up ...    @ Thu Nov 10 18:43:40 CST 2016 (1478774620553)
The JVM should have exitted but did not.
The following non-daemon threads are still running (DestroyJavaVM is OK):
Thread[StandardJMeterEngine,5,main], stackTrace:java.io.FileOutputStream#close0
java.io.FileOutputStream#access$000 at line:53
java.io.FileOutputStream$1#close at line:356
java.io.FileDescriptor#closeAll at line:216
java.io.FileOutputStream#close at line:354
sun.nio.cs.StreamEncoder#implClose at line:320
sun.nio.cs.StreamEncoder#close at line:149
java.io.OutputStreamWriter#close at line:233
java.io.BufferedWriter#close at line:266
org.apache.jmeter.report.dashboard.TemplateVisitor#visitFile at line:119
org.apache.jmeter.report.dashboard.TemplateVisitor#visitFile at line:48
java.nio.file.Files#walkFileTree at line:2670
java.nio.file.Files#walkFileTree at line:2742
org.apache.jmeter.report.dashboard.HtmlTemplateExporter#export at line:487
org.apache.jmeter.report.dashboard.ReportGenerator#exportData at line:348
org.apache.jmeter.report.dashboard.ReportGenerator#generate at line:256
org.apache.jmeter.JMeter$ListenToTest#generateReport at line:1144
org.apache.jmeter.JMeter$ListenToTest#testEnded at line:1089
org.apache.jmeter.engine.StandardJMeterEngine#notifyTestListenersOfEnd at line:215
org.apache.jmeter.engine.StandardJMeterEngine#run at line:436
java.lang.Thread#run at line:745

Thread[DestroyJavaVM,5,main], stackTrace:
... end of run
测试开始,当前时间： 1478773415.13
Event(time=1478773415.135, priority=0, action=<function run_jmeter at 0x025A3F70>, argument=('D:/\xcf\xee\xc4\xbf/html\xd7\xaapdf/test.jmx', 'convert_25u_18-23-35', './', '25'))
Writing log file to: D:\Users\fanp\Desktop\run_test\jmeter.log
Creating summariser <summary>
Created the tree successfully using D:/项目/html转pdf/test.jmx
Starting the test @ Thu Nov 10 19:31:53 CST 2016 (1478777513536)
Waiting for possible Shutdown/StopTestNow/Heapdump message on port 4445
summary +    214 in 00:00:06 =   33.5/s Avg:   507 Min:   411 Max:  1459 Err:     0 (0.00%) Active: 30 Started: 30 Finished: 0
summary +   1640 in 00:00:30 =   54.6/s Avg:   547 Min:   378 Max:  5562 Err:     0 (0.00%) Active: 30 Started: 30 Finished: 0
summary =   1854 in 00:00:36 =   50.9/s Avg:   543 Min:   378 Max:  5562 Err:     0 (0.00%)
summary +   1504 in 00:00:30 =   50.2/s Avg:   598 Min:    75 Max:  6568 Err:     1 (0.07%) Active: 30 Started: 30 Finished: 0
summary =   3358 in 00:01:06 =   50.6/s Avg:   567 Min:    75 Max:  6568 Err:     1 (0.03%)
summary +   1695 in 00:00:30 =   56.5/s Avg:   530 Min:   378 Max:  1647 Err:     0 (0.00%) Active: 30 Started: 30 Finished: 0
summary =   5053 in 00:01:36 =   52.4/s Avg:   555 Min:    75 Max:  6568 Err:     1 (0.02%)
summary +   1537 in 00:00:30 =   51.2/s Avg:   584 Min:    83 Max:  5609 Err:     1 (0.07%) Active: 30 Started: 30 Finished: 0
summary =   6590 in 00:02:06 =   52.1/s Avg:   562 Min:    75 Max:  6568 Err:     2 (0.03%)
summary +   1522 in 00:00:30 =   50.8/s Avg:   586 Min:   377 Max:  5742 Err:     0 (0.00%) Active: 30 Started: 30 Finished: 0
summary =   8112 in 00:02:36 =   51.9/s Avg:   566 Min:    75 Max:  6568 Err:     2 (0.02%)
summary +   1421 in 00:00:30 =   47.4/s Avg:   638 Min:   378 Max:  6531 Err:     0 (0.00%) Active: 30 Started: 30 Finished: 0
summary =   9533 in 00:03:06 =   51.1/s Avg:   577 Min:    75 Max:  6568 Err:     2 (0.02%)
summary +   1437 in 00:00:30 =   47.9/s Avg:   621 Min:   382 Max:  6460 Err:     0 (0.00%) Active: 30 Started: 30 Finished: 0
summary =  10970 in 00:03:36 =   50.7/s Avg:   583 Min:    75 Max:  6568 Err:     2 (0.02%)
summary +   1447 in 00:00:30 =   48.2/s Avg:   622 Min:   377 Max:  5676 Err:     0 (0.00%) Active: 30 Started: 30 Finished: 0
summary =  12417 in 00:04:06 =   50.4/s Avg:   587 Min:    75 Max:  6568 Err:     2 (0.02%)
summary +   1161 in 00:00:30 =   38.6/s Avg:   747 Min:   375 Max:  5712 Err:     0 (0.00%) Active: 30 Started: 30 Finished: 0
summary =  13578 in 00:04:36 =   49.1/s Avg:   601 Min:    75 Max:  6568 Err:     2 (0.01%)
summary +   1713 in 00:00:30 =   57.3/s Avg:   543 Min:   376 Max:  6619 Err:     0 (0.00%) Active: 30 Started: 30 Finished: 0
summary =  15291 in 00:05:06 =   49.9/s Avg:   594 Min:    75 Max:  6619 Err:     2 (0.01%)
summary +   1630 in 00:00:30 =   54.3/s Avg:   541 Min:   375 Max:  5669 Err:     0 (0.00%) Active: 30 Started: 30 Finished: 0
summary =  16921 in 00:05:36 =   50.3/s Avg:   589 Min:    75 Max:  6619 Err:     2 (0.01%)
summary +   1603 in 00:00:30 =   53.5/s Avg:   571 Min:   375 Max:  9594 Err:     0 (0.00%) Active: 30 Started: 30 Finished: 0
summary =  18524 in 00:06:06 =   50.6/s Avg:   588 Min:    75 Max:  9594 Err:     2 (0.01%)
summary +   1559 in 00:00:30 =   51.9/s Avg:   580 Min:   373 Max:  5808 Err:     0 (0.00%) Active: 30 Started: 30 Finished: 0
summary =  20083 in 00:06:36 =   50.7/s Avg:   587 Min:    75 Max:  9594 Err:     2 (0.01%)
summary +   1482 in 00:00:30 =   49.4/s Avg:   605 Min:   378 Max:  6425 Err:     0 (0.00%) Active: 30 Started: 30 Finished: 0
summary =  21565 in 00:07:06 =   50.6/s Avg:   588 Min:    75 Max:  9594 Err:     2 (0.01%)
summary +   1755 in 00:00:30 =   58.5/s Avg:   510 Min:   378 Max:  5476 Err:     0 (0.00%) Active: 30 Started: 30 Finished: 0
summary =  23320 in 00:07:36 =   51.1/s Avg:   583 Min:    75 Max:  9594 Err:     2 (0.01%)
summary +   1797 in 00:00:30 =   59.9/s Avg:   501 Min:   378 Max:  3855 Err:     0 (0.00%) Active: 30 Started: 30 Finished: 0
summary =  25117 in 00:08:06 =   51.6/s Avg:   577 Min:    75 Max:  9594 Err:     2 (0.01%)
summary +   1281 in 00:00:30 =   42.7/s Avg:   649 Min:   376 Max: 10437 Err:     0 (0.00%) Active: 30 Started: 30 Finished: 0
summary =  26398 in 00:08:36 =   51.1/s Avg:   580 Min:    75 Max: 10437 Err:     2 (0.01%)
summary +   1385 in 00:00:30 =   45.9/s Avg:   690 Min:   374 Max:  6572 Err:     0 (0.00%) Active: 30 Started: 30 Finished: 0
summary =  27783 in 00:09:07 =   50.8/s Avg:   586 Min:    75 Max: 10437 Err:     2 (0.01%)
summary +   1274 in 00:00:30 =   42.7/s Avg:   703 Min:    43 Max:  5814 Err:     1 (0.08%) Active: 30 Started: 30 Finished: 0
summary =  29057 in 00:09:36 =   50.4/s Avg:   591 Min:    43 Max: 10437 Err:     3 (0.01%)
summary +   1243 in 00:00:30 =   41.3/s Avg:   722 Min:    41 Max:  6496 Err:     3 (0.24%) Active: 30 Started: 30 Finished: 0
summary =  30300 in 00:10:06 =   50.0/s Avg:   596 Min:    41 Max: 10437 Err:     6 (0.02%)
summary +   1182 in 00:00:30 =   39.5/s Avg:   728 Min:    47 Max:  6634 Err:     1 (0.08%) Active: 30 Started: 30 Finished: 0
summary =  31482 in 00:10:36 =   49.5/s Avg:   601 Min:    41 Max: 10437 Err:     7 (0.02%)
summary +   1569 in 00:00:30 =   52.3/s Avg:   593 Min:    58 Max:  5678 Err:     1 (0.06%) Active: 30 Started: 30 Finished: 0
summary =  33051 in 00:11:06 =   49.6/s Avg:   601 Min:    41 Max: 10437 Err:     8 (0.02%)
summary +   1702 in 00:00:30 =   56.7/s Avg:   522 Min:   378 Max:  5904 Err:     0 (0.00%) Active: 30 Started: 30 Finished: 0
summary =  34753 in 00:11:36 =   49.9/s Avg:   597 Min:    41 Max: 10437 Err:     8 (0.02%)
summary +   1687 in 00:00:30 =   56.2/s Avg:   549 Min:   374 Max:  5662 Err:     0 (0.00%) Active: 30 Started: 30 Finished: 0
summary =  36440 in 00:12:06 =   50.2/s Avg:   595 Min:    41 Max: 10437 Err:     8 (0.02%)
summary +   1481 in 00:00:30 =   49.4/s Avg:   603 Min:   376 Max:  6539 Err:     0 (0.00%) Active: 30 Started: 30 Finished: 0
summary =  37921 in 00:12:36 =   50.1/s Avg:   595 Min:    41 Max: 10437 Err:     8 (0.02%)
summary +   1430 in 00:00:30 =   47.6/s Avg:   634 Min:   375 Max: 10435 Err:     0 (0.00%) Active: 30 Started: 30 Finished: 0
summary =  39351 in 00:13:06 =   50.0/s Avg:   596 Min:    41 Max: 10437 Err:     8 (0.02%)
summary +   1663 in 00:00:30 =   55.4/s Avg:   533 Min:   383 Max:  1687 Err:     0 (0.00%) Active: 30 Started: 30 Finished: 0
summary =  41014 in 00:13:36 =   50.2/s Avg:   594 Min:    41 Max: 10437 Err:     8 (0.02%)
summary +   1702 in 00:00:30 =   56.7/s Avg:   536 Min:   375 Max:  5714 Err:     0 (0.00%) Active: 30 Started: 30 Finished: 0
summary =  42716 in 00:14:06 =   50.5/s Avg:   592 Min:    41 Max: 10437 Err:     8 (0.02%)
summary +   1527 in 00:00:30 =   50.9/s Avg:   577 Min:   383 Max:  5575 Err:     0 (0.00%) Active: 30 Started: 30 Finished: 0
summary =  44243 in 00:14:36 =   50.5/s Avg:   591 Min:    41 Max: 10437 Err:     8 (0.02%)
summary +   1511 in 00:00:30 =   50.4/s Avg:   607 Min:   374 Max:  5829 Err:     0 (0.00%) Active: 30 Started: 30 Finished: 0
summary =  45754 in 00:15:06 =   50.5/s Avg:   592 Min:    41 Max: 10437 Err:     8 (0.02%)
summary +   1609 in 00:00:30 =   53.5/s Avg:   556 Min:    57 Max:  5660 Err:     2 (0.12%) Active: 30 Started: 30 Finished: 0
summary =  47363 in 00:15:36 =   50.6/s Avg:   590 Min:    41 Max: 10437 Err:    10 (0.02%)
summary +   1040 in 00:00:30 =   34.7/s Avg:   829 Min:   413 Max:  6217 Err:     0 (0.00%) Active: 30 Started: 30 Finished: 0
summary =  48403 in 00:16:06 =   50.1/s Avg:   595 Min:    41 Max: 10437 Err:    10 (0.02%)
summary +   1115 in 00:00:30 =   37.3/s Avg:   827 Min:   401 Max:  6727 Err:     0 (0.00%) Active: 30 Started: 30 Finished: 0
summary =  49518 in 00:16:36 =   49.7/s Avg:   601 Min:    41 Max: 10437 Err:    10 (0.02%)
summary +   1168 in 00:00:30 =   38.8/s Avg:   752 Min:   437 Max:  5909 Err:     0 (0.00%) Active: 30 Started: 30 Finished: 0
summary =  50686 in 00:17:07 =   49.4/s Avg:   604 Min:    41 Max: 10437 Err:    10 (0.02%)
summary +    960 in 00:00:30 =   32.0/s Avg:   907 Min:   420 Max: 10860 Err:     0 (0.00%) Active: 30 Started: 30 Finished: 0
summary =  51646 in 00:17:36 =   48.9/s Avg:   610 Min:    41 Max: 10860 Err:    10 (0.02%)
summary +   1004 in 00:00:30 =   33.5/s Avg:   957 Min:   405 Max:  6789 Err:     0 (0.00%) Active: 30 Started: 30 Finished: 0
summary =  52650 in 00:18:06 =   48.5/s Avg:   616 Min:    41 Max: 10860 Err:    10 (0.02%)
summary +   1010 in 00:00:30 =   33.8/s Avg:   892 Min:   415 Max:  7073 Err:     0 (0.00%) Active: 30 Started: 30 Finished: 0
summary =  53660 in 00:18:36 =   48.1/s Avg:   622 Min:    41 Max: 10860 Err:    10 (0.02%)
summary +   1465 in 00:00:30 =   48.8/s Avg:   606 Min:   410 Max:  5613 Err:     0 (0.00%) Active: 30 Started: 30 Finished: 0
summary =  55125 in 00:19:06 =   48.1/s Avg:   621 Min:    41 Max: 10860 Err:    10 (0.02%)
summary +   1351 in 00:00:30 =   45.1/s Avg:   674 Min:   422 Max:  5940 Err:     0 (0.00%) Active: 30 Started: 30 Finished: 0
summary =  56476 in 00:19:36 =   48.0/s Avg:   623 Min:    41 Max: 10860 Err:    10 (0.02%)
summary +    905 in 00:00:29 =   31.1/s Avg:   816 Min:   422 Max:  6677 Err:     0 (0.00%) Active: 0 Started: 30 Finished: 30
summary =  57381 in 00:20:05 =   47.6/s Avg:   626 Min:    41 Max: 10860 Err:    10 (0.02%)
Tidying up ...    @ Thu Nov 10 19:51:59 CST 2016 (1478778719094)
The JVM should have exitted but did not.
The following non-daemon threads are still running (DestroyJavaVM is OK):
Thread[StandardJMeterEngine,5,main], stackTrace:java.lang.ClassLoader#defineClass1
java.lang.ClassLoader#defineClass at line:760
java.security.SecureClassLoader#defineClass at line:142
java.net.URLClassLoader#defineClass at line:467
java.net.URLClassLoader#access$100 at line:73
java.net.URLClassLoader$1#run at line:368
java.net.URLClassLoader$1#run at line:362
java.security.AccessController#doPrivileged
java.net.URLClassLoader#findClass at line:361
java.lang.ClassLoader#loadClass at line:424
java.lang.ClassLoader#loadClass at line:357
freemarker.core.FMParser#BuiltIn at line:947
freemarker.core.FMParser#AddSubExpression at line:881
freemarker.core.FMParser#PrimaryExpression at line:400
freemarker.core.FMParser#UnaryExpression at line:446
freemarker.core.FMParser#MultiplicativeExpression at line:559
freemarker.core.FMParser#AdditiveExpression at line:512
freemarker.core.FMParser#RangeExpression at line:682
freemarker.core.FMParser#RelationalExpression at line:635
freemarker.core.FMParser#EqualityExpression at line:600
freemarker.core.FMParser#AndExpression at line:745
freemarker.core.FMParser#OrExpression at line:768
freemarker.core.FMParser#Expression at line:348
freemarker.core.FMParser#StringOutput at line:1240
freemarker.core.FMParser#MixedContent at line:3036
freemarker.core.FMParser#OptionalBlock at line:3253
freemarker.core.FMParser#Root at line:3432
freemarker.template.Template#<init> at line:208
freemarker.cache.TemplateCache#loadTemplate at line:495
freemarker.cache.TemplateCache#getTemplate at line:409
freemarker.cache.TemplateCache#getTemplate at line:261
freemarker.template.Configuration#getTemplate at line:1786
freemarker.template.Configuration#getTemplate at line:1646
org.apache.jmeter.report.dashboard.TemplateVisitor#visitFile at line:112
org.apache.jmeter.report.dashboard.TemplateVisitor#visitFile at line:48
java.nio.file.Files#walkFileTree at line:2670
java.nio.file.Files#walkFileTree at line:2742
org.apache.jmeter.report.dashboard.HtmlTemplateExporter#export at line:487
org.apache.jmeter.report.dashboard.ReportGenerator#exportData at line:348
org.apache.jmeter.report.dashboard.ReportGenerator#generate at line:256
org.apache.jmeter.JMeter$ListenToTest#generateReport at line:1144
org.apache.jmeter.JMeter$ListenToTest#testEnded at line:1089
org.apache.jmeter.engine.StandardJMeterEngine#notifyTestListenersOfEnd at line:215
org.apache.jmeter.engine.StandardJMeterEngine#run at line:436
java.lang.Thread#run at line:745

Thread[DestroyJavaVM,5,main], stackTrace:
... end of run
测试开始,当前时间： 1478777512.68
Event(time=1478777512.682, priority=0, action=<function run_jmeter at 0x025D3F70>, argument=('D:/\xcf\xee\xc4\xbf/html\xd7\xaapdf/test.jmx', 'convert_30u_19-31-52', './', '30'))
Writing log file to: D:\Users\fanp\Desktop\run_test\jmeter.log
Creating summariser <summary>
Created the tree successfully using D:/项目/html转pdf/test.jmx
Starting the test @ Thu Nov 10 19:52:06 CST 2016 (1478778726908)
Waiting for possible Shutdown/StopTestNow/Heapdump message on port 4445
summary +   1145 in 00:00:23 =   49.8/s Avg:   617 Min:   392 Max:  1716 Err:     0 (0.00%) Active: 35 Started: 35 Finished: 0
summary +   1895 in 00:00:30 =   63.2/s Avg:   552 Min:   376 Max:  3584 Err:     0 (0.00%) Active: 35 Started: 35 Finished: 0
summary =   3040 in 00:00:53 =   57.4/s Avg:   577 Min:   376 Max:  3584 Err:     0 (0.00%)
summary +   1691 in 00:00:30 =   56.4/s Avg:   619 Min:   377 Max:  5712 Err:     0 (0.00%) Active: 35 Started: 35 Finished: 0
summary =   4731 in 00:01:23 =   57.0/s Avg:   592 Min:   376 Max:  5712 Err:     0 (0.00%)
summary +   1741 in 00:00:30 =   58.0/s Avg:   587 Min:    74 Max:  4102 Err:     1 (0.06%) Active: 35 Started: 35 Finished: 0
summary =   6472 in 00:01:53 =   57.3/s Avg:   591 Min:    74 Max:  5712 Err:     1 (0.02%)
summary +   1585 in 00:00:30 =   52.8/s Avg:   676 Min:    73 Max:  6488 Err:     2 (0.13%) Active: 35 Started: 35 Finished: 0
summary =   8057 in 00:02:23 =   56.3/s Avg:   608 Min:    73 Max:  6488 Err:     3 (0.04%)
summary +   1285 in 00:00:30 =   42.9/s Avg:   815 Min:   459 Max:  5623 Err:     0 (0.00%) Active: 35 Started: 35 Finished: 0
summary =   9342 in 00:02:53 =   54.0/s Avg:   636 Min:    73 Max:  6488 Err:     3 (0.03%)
summary +   1244 in 00:00:30 =   41.5/s Avg:   844 Min:   452 Max:  5876 Err:     0 (0.00%) Active: 35 Started: 35 Finished: 0
summary =  10586 in 00:03:23 =   52.1/s Avg:   661 Min:    73 Max:  6488 Err:     3 (0.03%)
summary +   1275 in 00:00:30 =   42.5/s Avg:   823 Min:   454 Max:  5950 Err:     0 (0.00%) Active: 35 Started: 35 Finished: 0
summary =  11861 in 00:03:53 =   50.9/s Avg:   678 Min:    73 Max:  6488 Err:     3 (0.03%)
summary +   1198 in 00:00:30 =   39.9/s Avg:   874 Min:   514 Max:  6056 Err:     0 (0.00%) Active: 35 Started: 35 Finished: 0
summary =  13059 in 00:04:23 =   49.6/s Avg:   696 Min:    73 Max:  6488 Err:     3 (0.02%)
summary +   1247 in 00:00:30 =   41.5/s Avg:   844 Min:   484 Max:  5668 Err:     0 (0.00%) Active: 35 Started: 35 Finished: 0
summary =  14306 in 00:04:53 =   48.8/s Avg:   709 Min:    73 Max:  6488 Err:     3 (0.02%)
summary +   1213 in 00:00:30 =   40.5/s Avg:   864 Min:   428 Max: 10512 Err:     0 (0.00%) Active: 35 Started: 35 Finished: 0
summary =  15519 in 00:05:23 =   48.0/s Avg:   721 Min:    73 Max: 10512 Err:     3 (0.02%)
summary +   1222 in 00:00:30 =   40.7/s Avg:   852 Min:   460 Max:  2062 Err:     0 (0.00%) Active: 35 Started: 35 Finished: 0
summary =  16741 in 00:05:53 =   47.4/s Avg:   731 Min:    73 Max: 10512 Err:     3 (0.02%)
summary +   1354 in 00:00:30 =   45.1/s Avg:   781 Min:   439 Max:  5742 Err:     0 (0.00%) Active: 35 Started: 35 Finished: 0
summary =  18095 in 00:06:23 =   47.2/s Avg:   734 Min:    73 Max: 10512 Err:     3 (0.02%)
summary +   1404 in 00:00:30 =   46.8/s Avg:   739 Min:   427 Max:  5471 Err:     0 (0.00%) Active: 35 Started: 35 Finished: 0
summary =  19499 in 00:06:53 =   47.2/s Avg:   735 Min:    73 Max: 10512 Err:     3 (0.02%)
summary +   1369 in 00:00:30 =   45.6/s Avg:   776 Min:   392 Max:  6611 Err:     0 (0.00%) Active: 35 Started: 35 Finished: 0
summary =  20868 in 00:07:23 =   47.1/s Avg:   737 Min:    73 Max: 10512 Err:     3 (0.01%)
summary +   1828 in 00:00:30 =   60.9/s Avg:   573 Min:   374 Max:  5705 Err:     0 (0.00%) Active: 35 Started: 35 Finished: 0
summary =  22696 in 00:07:53 =   48.0/s Avg:   724 Min:    73 Max: 10512 Err:     3 (0.01%)
summary +   1749 in 00:00:30 =   58.2/s Avg:   600 Min:   378 Max:  2330 Err:     0 (0.00%) Active: 35 Started: 35 Finished: 0
summary =  24445 in 00:08:23 =   48.6/s Avg:   715 Min:    73 Max: 10512 Err:     3 (0.01%)
summary +   1667 in 00:00:30 =   55.6/s Avg:   620 Min:   396 Max:  3531 Err:     0 (0.00%) Active: 35 Started: 35 Finished: 0
summary =  26112 in 00:08:53 =   49.0/s Avg:   709 Min:    73 Max: 10512 Err:     3 (0.01%)
summary +   1351 in 00:00:30 =   45.0/s Avg:   783 Min:    78 Max: 21003 Err:     2 (0.15%) Active: 35 Started: 35 Finished: 0
summary =  27463 in 00:09:23 =   48.8/s Avg:   713 Min:    73 Max: 21003 Err:     5 (0.02%)
summary +   1851 in 00:00:30 =   61.8/s Avg:   568 Min:    56 Max:  5705 Err:     1 (0.05%) Active: 35 Started: 35 Finished: 0
summary =  29314 in 00:09:53 =   49.4/s Avg:   704 Min:    56 Max: 21003 Err:     6 (0.02%)
summary +   1662 in 00:00:30 =   55.4/s Avg:   629 Min:   377 Max:  5668 Err:     0 (0.00%) Active: 35 Started: 35 Finished: 0
summary =  30976 in 00:10:23 =   49.7/s Avg:   700 Min:    56 Max: 21003 Err:     6 (0.02%)
summary +   1636 in 00:00:30 =   54.5/s Avg:   644 Min:   375 Max:  5794 Err:     0 (0.00%) Active: 35 Started: 35 Finished: 0
summary =  32612 in 00:10:53 =   49.9/s Avg:   697 Min:    56 Max: 21003 Err:     6 (0.02%)
summary +   1764 in 00:00:30 =   58.8/s Avg:   592 Min:   378 Max:  5901 Err:     0 (0.00%) Active: 35 Started: 35 Finished: 0
summary =  34376 in 00:11:23 =   50.3/s Avg:   692 Min:    56 Max: 21003 Err:     6 (0.02%)
summary +   1706 in 00:00:30 =   56.9/s Avg:   592 Min:    65 Max:  5736 Err:     1 (0.06%) Active: 35 Started: 35 Finished: 0
summary =  36082 in 00:11:53 =   50.6/s Avg:   687 Min:    56 Max: 21003 Err:     7 (0.02%)
summary +   1780 in 00:00:30 =   59.2/s Avg:   599 Min:   372 Max:  6164 Err:     0 (0.00%) Active: 35 Started: 35 Finished: 0
summary =  37862 in 00:12:23 =   51.0/s Avg:   683 Min:    56 Max: 21003 Err:     7 (0.02%)
summary +   1592 in 00:00:30 =   53.2/s Avg:   672 Min:    48 Max:  5969 Err:     4 (0.25%) Active: 35 Started: 35 Finished: 0
summary =  39454 in 00:12:53 =   51.0/s Avg:   682 Min:    48 Max: 21003 Err:    11 (0.03%)
summary +   1543 in 00:00:30 =   51.4/s Avg:   681 Min:   378 Max:  6452 Err:     0 (0.00%) Active: 35 Started: 35 Finished: 0
summary =  40997 in 00:13:23 =   51.1/s Avg:   682 Min:    48 Max: 21003 Err:    11 (0.03%)
summary +   1826 in 00:00:30 =   60.9/s Avg:   574 Min:    65 Max:  5669 Err:     1 (0.05%) Active: 35 Started: 35 Finished: 0
summary =  42823 in 00:13:53 =   51.4/s Avg:   678 Min:    48 Max: 21003 Err:    12 (0.03%)
summary +   1434 in 00:00:30 =   47.8/s Avg:   733 Min:   381 Max:  6835 Err:     0 (0.00%) Active: 35 Started: 35 Finished: 0
summary =  44257 in 00:14:23 =   51.3/s Avg:   679 Min:    48 Max: 21003 Err:    12 (0.03%)
summary +   1783 in 00:00:30 =   59.4/s Avg:   586 Min:    65 Max:  5514 Err:     3 (0.17%) Active: 35 Started: 35 Finished: 0
summary =  46040 in 00:14:53 =   51.6/s Avg:   676 Min:    48 Max: 21003 Err:    15 (0.03%)
summary +   1265 in 00:00:30 =   42.2/s Avg:   797 Min:   406 Max: 10621 Err:     0 (0.00%) Active: 35 Started: 35 Finished: 0
summary =  47305 in 00:15:23 =   51.3/s Avg:   679 Min:    48 Max: 21003 Err:    15 (0.03%)
summary +   1328 in 00:00:30 =   44.2/s Avg:   822 Min:   403 Max:  6026 Err:     0 (0.00%) Active: 35 Started: 35 Finished: 0
summary =  48633 in 00:15:53 =   51.0/s Avg:   683 Min:    48 Max: 21003 Err:    15 (0.03%)
summary +   1315 in 00:00:30 =   43.9/s Avg:   797 Min:   431 Max:  6061 Err:     0 (0.00%) Active: 35 Started: 35 Finished: 0
summary =  49948 in 00:16:23 =   50.8/s Avg:   686 Min:    48 Max: 21003 Err:    15 (0.03%)
summary +   1457 in 00:00:30 =   48.5/s Avg:   722 Min:   448 Max:  5546 Err:     0 (0.00%) Active: 35 Started: 35 Finished: 0
summary =  51405 in 00:16:53 =   50.7/s Avg:   687 Min:    48 Max: 21003 Err:    15 (0.03%)
summary +   1452 in 00:00:30 =   48.5/s Avg:   718 Min:   455 Max:  1961 Err:     0 (0.00%) Active: 35 Started: 35 Finished: 0
summary =  52857 in 00:17:23 =   50.7/s Avg:   688 Min:    48 Max: 21003 Err:    15 (0.03%)
summary +   1346 in 00:00:30 =   44.8/s Avg:   757 Min:   430 Max:  6538 Err:     0 (0.00%) Active: 35 Started: 35 Finished: 0
summary =  54203 in 00:17:53 =   50.5/s Avg:   690 Min:    48 Max: 21003 Err:    15 (0.03%)
summary +   1324 in 00:00:30 =   44.2/s Avg:   819 Min:   418 Max:  7059 Err:     0 (0.00%) Active: 35 Started: 35 Finished: 0
summary =  55527 in 00:18:23 =   50.3/s Avg:   693 Min:    48 Max: 21003 Err:    15 (0.03%)
summary +   1446 in 00:00:30 =   48.0/s Avg:   721 Min:   434 Max:  5689 Err:     0 (0.00%) Active: 35 Started: 35 Finished: 0
summary =  56973 in 00:18:53 =   50.3/s Avg:   693 Min:    48 Max: 21003 Err:    15 (0.03%)
summary +   1382 in 00:00:30 =   46.2/s Avg:   760 Min:   441 Max:  5864 Err:     0 (0.00%) Active: 35 Started: 35 Finished: 0
summary =  58355 in 00:19:23 =   50.2/s Avg:   695 Min:    48 Max: 21003 Err:    15 (0.03%)
summary +   1453 in 00:00:30 =   48.4/s Avg:   725 Min:   406 Max:  5610 Err:     0 (0.00%) Active: 35 Started: 35 Finished: 0
summary =  59808 in 00:19:53 =   50.1/s Avg:   696 Min:    48 Max: 21003 Err:    15 (0.03%)
summary +    467 in 00:00:12 =   37.6/s Avg:   660 Min:    55 Max:  5595 Err:     2 (0.43%) Active: 0 Started: 35 Finished: 35
summary =  60275 in 00:20:05 =   50.0/s Avg:   695 Min:    48 Max: 21003 Err:    17 (0.03%)
Tidying up ...    @ Thu Nov 10 20:12:12 CST 2016 (1478779932441)
The JVM should have exitted but did not.
The following non-daemon threads are still running (DestroyJavaVM is OK):
Thread[StandardJMeterEngine,5,main], stackTrace:org.apache.jmeter.report.core.Sample#getData at line:122
org.apache.jmeter.report.core.Sample#getTimestamp at line:141
org.apache.jmeter.report.core.Sample#getEndTime at line:190
org.apache.jmeter.report.processor.graph.AbstractVersusRequestsGraphConsumer$TimeCountConsumer#getTimeInterval at line:215
org.apache.jmeter.report.processor.graph.AbstractVersusRequestsGraphConsumer$TimeCountConsumer#stopConsuming at line:338
org.apache.jmeter.report.processor.graph.AbstractVersusRequestsGraphConsumer#stopConsuming at line:144
org.apache.jmeter.report.processor.AbstractSampleConsumer#stopProducing at line:241
org.apache.jmeter.report.processor.FilterConsumer#stopConsuming at line:112
org.apache.jmeter.report.processor.AbstractSampleConsumer#stopProducing at line:241
org.apache.jmeter.report.processor.FilterConsumer#stopConsuming at line:112
org.apache.jmeter.report.processor.AbstractSampleConsumer#stopProducing at line:241
org.apache.jmeter.report.processor.NormalizerSampleConsumer#stopConsuming at line:125
org.apache.jmeter.report.processor.CsvFileSampleSource$PrivateProducer#stopProducing at line:347
org.apache.jmeter.report.processor.CsvFileSampleSource#produce at line:193
org.apache.jmeter.report.processor.CsvFileSampleSource#run at line:246
org.apache.jmeter.report.dashboard.ReportGenerator#generate at line:243
org.apache.jmeter.JMeter$ListenToTest#generateReport at line:1144
org.apache.jmeter.JMeter$ListenToTest#testEnded at line:1089
org.apache.jmeter.engine.StandardJMeterEngine#notifyTestListenersOfEnd at line:215
org.apache.jmeter.engine.StandardJMeterEngine#run at line:436
java.lang.Thread#run at line:745

Thread[DestroyJavaVM,5,main], stackTrace:
... end of run
测试开始,当前时间： 1478778726.03
Event(time=1478778726.026, priority=0, action=<function run_jmeter at 0x0269CF70>, argument=('D:/\xcf\xee\xc4\xbf/html\xd7\xaapdf/test.jmx', 'convert_35u_19-52-06', './', '35'))
